<?xml version="1.0" encoding="UTF-8"?>
<!-- Generated by org.testng.reporters.JUnitReportReporter -->
<testsuite hostname="DESKTOP-SCU3TT7" name="com.LockdownAutomation.TestCase1" tests="2" failures="0" timestamp="3 Jun 2020 10:41:14 GMT" time="26.031" errors="0">
  <testcase name="test1" time="12.990" classname="com.LockdownAutomation.TestCase1"/>
  <testcase name="test2" time="13.041" classname="com.LockdownAutomation.TestCase1"/>
</testsuite> <!-- com.LockdownAutomation.TestCase1 -->
