<?xml version="1.0" encoding="UTF-8"?>
<!-- Generated by org.testng.reporters.JUnitReportReporter -->
<testsuite hostname="DESKTOP-SCU3TT7" name="com.LockdownAutomation.TestCase2" tests="2" failures="0" timestamp="3 Jun 2020 09:14:29 GMT" time="0.008" errors="0">
  <testcase name="sum" time="0.000" classname="com.LockdownAutomation.TestCase2"/>
  <testcase name="mul" time="0.008" classname="com.LockdownAutomation.TestCase2"/>
</testsuite> <!-- com.LockdownAutomation.TestCase2 -->
